d:\ray\visualstudio\c++\filesystem\release\vc142.pdb
d:\ray\visualstudio\c++\filesystem\release\userinterface.obj
d:\ray\visualstudio\c++\filesystem\release\superblock.obj
d:\ray\visualstudio\c++\filesystem\release\main.obj
d:\ray\visualstudio\c++\filesystem\release\inode.obj
d:\ray\visualstudio\c++\filesystem\release\filesystem.obj
d:\ray\visualstudio\c++\filesystem\release\file.obj
d:\ray\visualstudio\c++\filesystem\release\diskdevice.obj
d:\ray\visualstudio\c++\filesystem\release\buffer.obj
d:\ray\visualstudio\c++\filesystem\release\filesystem.ipdb
d:\ray\visualstudio\c++\filesystem\release\filesystem.iobj
d:\ray\visualstudio\c++\filesystem\release\filesystem.exe
d:\ray\visualstudio\c++\filesystem\release\filesystem.pdb
d:\ray\visualstudio\c++\filesystem\release\filesystem.tlog\cl.command.1.tlog
d:\ray\visualstudio\c++\filesystem\release\filesystem.tlog\cl.read.1.tlog
d:\ray\visualstudio\c++\filesystem\release\filesystem.tlog\cl.write.1.tlog
d:\ray\visualstudio\c++\filesystem\release\filesystem.tlog\filesystem.write.1u.tlog
d:\ray\visualstudio\c++\filesystem\release\filesystem.tlog\link.command.1.tlog
d:\ray\visualstudio\c++\filesystem\release\filesystem.tlog\link.read.1.tlog
d:\ray\visualstudio\c++\filesystem\release\filesystem.tlog\link.write.1.tlog
